{
  "0 debug pnpm:scope": {
    "selected": 1,
    "workspacePrefix": "C:\\Users\\Tio\\Desktop\\PKIT"
  },
  "1 error pnpm": {
    "errno": 1,
    "code": "ELIFECYCLE",
    "pkgid": "@boxinary/ui@0.0.1",
    "stage": "dev",
    "script": "vite dev",
    "pkgname": "@boxinary/ui",
    "err": {
      "name": "pnpm",
      "message": "@boxinary/ui@0.0.1 dev: `vite dev`\nExit status 1",
      "code": "ELIFECYCLE",
      "stack": "pnpm: @boxinary/ui@0.0.1 dev: `vite dev`\nExit status 1\n    at EventEmitter.<anonymous> (C:\\Users\\Tio\\AppData\\Roaming\\npm\\node_modules\\pnpm\\dist\\pnpm.cjs:106732:20)\n    at EventEmitter.emit (node:events:513:28)\n    at ChildProcess.<anonymous> (C:\\Users\\Tio\\AppData\\Roaming\\npm\\node_modules\\pnpm\\dist\\pnpm.cjs:93301:18)\n    at ChildProcess.emit (node:events:513:28)\n    at maybeClose (node:internal/child_process:1093:16)\n    at Process.ChildProcess._handle.onexit (node:internal/child_process:302:5)"
    }
  }
}